\BOOKMARK [0][-]{chapter*.1}{\376\377\016\001\016\064\016\025\016\025\016\064\016\001\016\043\016\043\016\041\016\033\016\043\016\060\016\001\016\062\016\050}{}% 1
\BOOKMARK [0][-]{chapter*.3}{\376\377\016\032\016\027\016\004\016\061\016\024\016\042\016\110\016\055}{}% 2
\BOOKMARK [0][-]{chapter*.5}{\376\377\000A\000b\000s\000t\000r\000a\000c\000t}{}% 3
\BOOKMARK [0][-]{section*.7}{\376\377\016\052\016\062\016\043\016\032\016\061\016\015}{}% 4
\BOOKMARK [0][-]{section*.8}{\376\377\016\052\016\062\016\043\016\032\016\061\016\015\016\043\016\071\016\033}{}% 5
\BOOKMARK [0][-]{section*.9}{\376\377\016\052\016\062\016\043\016\032\016\061\016\015\016\025\016\062\016\043\016\062\016\007}{}% 6
\BOOKMARK [0][-]{chapter.1}{\376\377\016\032\016\027\016\031\016\063}{}% 7
\BOOKMARK [1][-]{section.1.1}{\376\377\016\002\016\111\016\055\016\041\016\071\016\045\016\052\016\026\016\062\016\031\016\033\016\043\016\060\016\001\016\055\016\032\016\001\016\062\016\043}{chapter.1}% 8
\BOOKMARK [2][-]{subsection.1.1.1}{\376\377\016\012\016\067\016\110\016\055\016\055\016\007\016\004\016\114\016\001\016\043}{section.1.1}% 9
\BOOKMARK [2][-]{subsection.1.1.2}{\376\377\016\043\016\060\016\042\016\060\016\100\016\047\016\045\016\062\016\001\016\062\016\043\016\033\016\017\016\064\016\032\016\061\016\025\016\064\016\007\016\062\016\031}{section.1.1}% 10
\BOOKMARK [2][-]{subsection.1.1.3}{\376\377\016\045\016\061\016\001\016\051\016\023\016\060\016\002\016\055\016\007\016\055\016\007\016\004\016\114\016\001\016\043}{section.1.1}% 11
\BOOKMARK [1][-]{section.1.2}{\376\377\016\025\016\063\016\101\016\053\016\031\016\110\016\007\016\101\016\045\016\060\016\045\016\061\016\001\016\051\016\023\016\060\016\007\016\062\016\031\016\027\016\065\016\110\016\104\016\024\016\111\016\043\016\061\016\032\016\041\016\055\016\032\016\053\016\041\016\062\016\042}{chapter.1}% 12
\BOOKMARK [2][-]{subsection.1.2.1}{\376\377\016\025\016\063\016\101\016\053\016\031\016\110\016\007\016\007\016\062\016\031\016\027\016\065\016\110\016\033\016\017\016\064\016\032\016\061\016\025\016\064}{section.1.2}% 13
\BOOKMARK [2][-]{subsection.1.2.2}{\376\377\016\007\016\062\016\031\016\027\016\065\016\110\016\104\016\024\016\111\016\043\016\061\016\032\016\041\016\055\016\032\016\053\016\041\016\062\016\042}{section.1.2}% 14
\BOOKMARK [1][-]{section.1.3}{\376\377\016\053\016\045\016\061\016\001\016\001\016\062\016\043\016\101\016\045\016\060\016\100\016\053\016\025\016\070\016\034\016\045}{chapter.1}% 15
\BOOKMARK [1][-]{section.1.4}{\376\377\016\047\016\061\016\025\016\026\016\070\016\033\016\043\016\060\016\052\016\007\016\004\016\114}{chapter.1}% 16
\BOOKMARK [1][-]{section.1.5}{\376\377\016\033\016\043\016\060\016\102\016\042\016\012\016\031\016\114\016\027\016\065\016\110\016\004\016\062\016\024\016\047\016\110\016\062\016\010\016\060\016\104\016\024\016\111\016\043\016\061\016\032}{chapter.1}% 17
\BOOKMARK [1][-]{section.1.6}{\376\377\016\002\016\055\016\032\016\100\016\002\016\025}{chapter.1}% 18
\BOOKMARK [2][-]{subsection.1.6.1}{\376\377\016\002\016\055\016\032\016\100\016\002\016\025\016\002\016\055\016\007\016\002\016\111\016\055\016\041\016\071\016\045}{section.1.6}% 19
\BOOKMARK [2][-]{subsection.1.6.2}{\376\377\016\002\016\055\016\032\016\100\016\002\016\025\016\002\016\055\016\007\016\007\016\062\016\031}{section.1.6}% 20
\BOOKMARK [1][-]{section.1.7}{\376\377\016\100\016\004\016\043\016\067\016\110\016\055\016\007\016\041\016\067\016\055\016\101\016\045\016\060\016\100\016\027\016\004\016\102\016\031\016\102\016\045\016\042\016\065\016\027\016\065\016\110\016\103\016\012\016\111}{chapter.1}% 21
\BOOKMARK [2][-]{subsection.1.7.1}{\376\377\016\056\016\062\016\043\016\114\016\024\016\101\016\047\016\043\016\114\016\027\016\065\016\110\016\103\016\012\016\111\016\103\016\031\016\001\016\062\016\043\016\033\016\017\016\064\016\032\016\061\016\025\016\064\016\007\016\062\016\031}{section.1.7}% 22
\BOOKMARK [2][-]{subsection.1.7.2}{\376\377\016\013\016\055\016\037\016\025\016\114\016\101\016\047\016\043\016\114\016\027\016\065\016\110\016\103\016\012\016\111\016\103\016\031\016\001\016\062\016\043\016\033\016\017\016\064\016\032\016\061\016\025\016\064\016\007\016\062\016\031}{section.1.7}% 23
\BOOKMARK [2][-]{subsection.1.7.3}{\376\377\016\040\016\062\016\051\016\062\016\102\016\033\016\043\016\101\016\001\016\043\016\041\016\027\016\065\016\110\016\103\016\012\016\111\016\103\016\031\016\001\016\062\016\043\016\036\016\061\016\022\016\031\016\062}{section.1.7}% 24
\BOOKMARK [1][-]{section.1.8}{\376\377\016\101\016\034\016\031\016\033\016\017\016\064\016\032\016\061\016\025\016\064\016\007\016\062\016\031\016\052\016\053\016\001\016\064\016\010\016\050\016\066\016\001\016\051\016\062}{chapter.1}% 25
\BOOKMARK [0][-]{chapter.2}{\376\377\016\100\016\055\016\001\016\052\016\062\016\043\016\101\016\045\016\060\016\007\016\062\016\031\016\047\016\064\016\010\016\061\016\042\016\027\016\065\016\110\016\100\016\001\016\065\016\110\016\042\016\047\016\002\016\111\016\055\016\007}{}% 26
\BOOKMARK [1][-]{section.2.1}{\376\377\016\101\016\031\016\047\016\004\016\064\016\024\016\036\016\067\016\111\016\031\016\020\016\062\016\031\016\101\016\045\016\060\016\027\016\044\016\051\016\016\016\065\016\027\016\065\016\110\016\100\016\001\016\065\016\110\016\042\016\047\016\002\016\111\016\055\016\007}{chapter.2}% 27
\BOOKMARK [2][-]{subsection.2.1.1}{\376\377\000E\000g\000o\000\040\000V\000e\000h\000i\000c\000l\000e}{section.2.1}% 28
\BOOKMARK [2][-]{subsection.2.1.2}{\376\377\000O\000p\000e\000r\000a\000t\000i\000o\000n\000a\000l\000\040\000D\000e\000s\000i\000g\000n\000\040\000D\000o\000m\000a\000i\000n}{section.2.1}% 29
\BOOKMARK [2][-]{subsection.2.1.3}{\376\377\000K\000n\000o\000w\000l\000e\000d\000g\000e\000\040\000G\000r\000a\000p\000h}{section.2.1}% 30
\BOOKMARK [2][-]{subsection.2.1.4}{\376\377\016\001\016\062\016\043\016\033\016\043\016\060\016\041\016\047\016\045\016\034\016\045\016\040\016\062\016\051\016\062\016\030\016\043\016\043\016\041\016\012\016\062\016\025\016\064}{section.2.1}% 31
\BOOKMARK [2][-]{subsection.2.1.5}{\376\377\000L\000a\000r\000g\000e\000\040\000L\000a\000n\000g\000u\000a\000g\000e\000\040\000M\000o\000d\000e\000l}{section.2.1}% 32
\BOOKMARK [2][-]{subsection.2.1.6}{\376\377\000S\000c\000h\000e\000m\000a\000-\000g\000u\000i\000d\000e\000d\000\040\000L\000a\000r\000g\000e\000\040\000L\000a\000n\000g\000u\000a\000g\000e\000\040\000M\000o\000d\000e\000l}{section.2.1}% 33
\BOOKMARK [2][-]{subsection.2.1.7}{\376\377\016\001\016\043\016\023\016\065\016\002\016\055\016\032\016\100\016\002\016\025\000\040\000\050\000E\000d\000g\000e\000\040\000C\000a\000s\000e\000\051}{section.2.1}% 34
\BOOKMARK [2][-]{subsection.2.1.8}{\376\377\016\033\016\043\016\060\016\052\016\064\016\027\016\030\016\064\016\040\016\062\016\036\016\001\016\062\016\043\016\004\016\111\016\031\016\036\016\032\016\001\016\043\016\023\016\065\016\002\016\055\016\032\016\100\016\002\016\025\000\040\000\050\000E\000d\000g\000e\000-\000C\000a\000s\000e\000\040\000D\000i\000s\000c\000o\000v\000e\000r\000y\000\040\000E\000f\000f\000i\000c\000i\000e\000n\000c\000y\000\051}{section.2.1}% 35
\BOOKMARK [1][-]{section.2.2}{\376\377\016\007\016\062\016\031\016\047\016\064\016\010\016\061\016\042\016\027\016\065\016\110\016\100\016\001\016\065\016\110\016\042\016\047\016\002\016\111\016\055\016\007}{chapter.2}% 36
\BOOKMARK [2][-]{subsection.2.2.1}{\376\377\016\001\016\062\016\043\016\052\016\043\016\111\016\062\016\007\016\052\016\026\016\062\016\031\016\001\016\062\016\043\016\023\016\114\016\010\016\063\016\045\016\055\016\007\016\010\016\062\016\001\016\043\016\062\016\042\016\007\016\062\016\031\016\055\016\070\016\032\016\061\016\025\016\064\016\100\016\053\016\025\016\070}{section.2.2}% 37
\BOOKMARK [2][-]{subsection.2.2.2}{\376\377\016\001\016\062\016\043\016\047\016\064\016\100\016\004\016\043\016\062\016\060\016\053\016\114\016\055\016\070\016\032\016\061\016\025\016\064\016\100\016\053\016\025\016\070\016\024\016\111\016\047\016\042\000\040\000K\000n\000o\000w\000l\000e\000d\000g\000e\000\040\000G\000r\000a\000p\000h}{section.2.2}% 38
\BOOKMARK [2][-]{subsection.2.2.3}{\376\377\016\001\016\062\016\043\016\033\016\043\016\060\016\042\016\070\016\001\016\025\016\114\016\103\016\012\016\111\000\040\000O\000D\000D\000\040\016\103\016\031\016\001\016\062\016\043\016\027\016\024\016\052\016\055\016\032}{section.2.2}% 39
\BOOKMARK [2][-]{subsection.2.2.4}{\376\377\016\004\016\047\016\062\016\041\016\101\016\025\016\001\016\025\016\110\016\062\016\007\016\101\016\045\016\060\016\012\016\110\016\055\016\007\016\047\016\110\016\062\016\007\016\027\016\062\016\007\016\001\016\062\016\043\016\047\016\064\016\010\016\061\016\042}{section.2.2}% 40
\BOOKMARK [1][-]{section.2.3}{\376\377\016\100\016\027\016\004\016\102\016\031\016\102\016\045\016\042\016\065\016\101\016\045\016\060\016\100\016\004\016\043\016\067\016\110\016\055\016\007\016\041\016\067\016\055\016\027\016\065\016\110\016\103\016\012\016\111}{chapter.2}% 41
\BOOKMARK [2][-]{subsection.2.3.1}{\376\377\016\100\016\004\016\043\016\067\016\110\016\055\016\007\016\041\016\067\016\055\016\033\016\043\016\060\016\041\016\047\016\045\016\034\016\045\016\040\016\062\016\051\016\062\016\030\016\043\016\043\016\041\016\012\016\062\016\025\016\064\016\101\016\045\016\060\016\002\016\111\016\055\016\041\016\071\016\045}{section.2.3}% 42
\BOOKMARK [2][-]{subsection.2.3.2}{\376\377\016\101\016\053\016\045\016\110\016\007\016\002\016\111\016\055\016\041\016\071\016\045\016\055\016\070\016\032\016\061\016\025\016\064\016\100\016\053\016\025\016\070}{section.2.3}% 43
\BOOKMARK [2][-]{subsection.2.3.3}{\376\377\016\041\016\062\016\025\016\043\016\020\016\062\016\031\016\101\016\045\016\060\016\052\016\040\016\062\016\036\016\101\016\047\016\024\016\045\016\111\016\055\016\041\016\010\016\063\016\045\016\055\016\007}{section.2.3}% 44
\BOOKMARK [0][-]{chapter.3}{\376\377\016\033\016\061\016\015\016\053\016\062\016\101\016\045\016\060\016\052\016\041\016\041\016\025\016\064\016\020\016\062\016\031}{}% 45
\BOOKMARK [1][-]{section.3.1}{\376\377\016\033\016\061\016\015\016\053\016\062\016\027\016\065\016\110\016\036\016\032\016\103\016\031\016\001\016\062\016\043\016\033\016\017\016\064\016\032\016\061\016\025\016\064\016\007\016\062\016\031}{chapter.3}% 46
\BOOKMARK [2][-]{subsection.3.1.1}{\376\377\016\033\016\061\016\015\016\053\016\062\016\024\016\111\016\062\016\031\016\001\016\062\016\043\016\052\016\001\016\061\016\024\016\002\016\111\016\055\016\041\016\071\016\045\016\101\016\045\016\060\016\001\016\062\016\043\016\052\016\043\016\111\016\062\016\007\000\040\000K\000n\000o\000w\000l\000e\000d\000g\000e\000\040\000G\000r\000a\000p\000h}{section.3.1}% 47
\BOOKMARK [2][-]{subsection.3.1.2}{\376\377\016\033\016\061\016\015\016\053\016\062\016\024\016\111\016\062\016\031\016\001\016\062\016\043\016\032\016\071\016\043\016\023\016\062\016\001\016\062\016\043\000\040\000O\000D\000D\000\040\016\101\016\045\016\060\016\033\016\043\016\060\016\052\016\064\016\027\016\030\016\064\016\040\016\062\016\036}{section.3.1}% 48
\BOOKMARK [2][-]{subsection.3.1.3}{\376\377\016\033\016\061\016\015\016\053\016\062\016\024\016\111\016\062\016\031\016\034\016\045\016\045\016\061\016\036\016\030\016\114\016\101\016\045\016\060\016\001\016\062\016\043\016\031\016\063\016\104\016\033\016\103\016\012\016\111}{section.3.1}% 49
\BOOKMARK [1][-]{section.3.2}{\376\377\016\001\016\062\016\043\016\047\016\064\016\100\016\004\016\043\016\062\016\060\016\053\016\114\016\033\016\061\016\015\016\053\016\062}{chapter.3}% 50
\BOOKMARK [2][-]{subsection.3.2.1}{\376\377\016\001\016\062\016\043\016\047\016\064\016\100\016\004\016\043\016\062\016\060\016\053\016\114\016\033\016\061\016\015\016\053\016\062\016\024\016\111\016\062\016\031\016\002\016\111\016\055\016\041\016\071\016\045\016\101\016\045\016\060\016\004\016\047\016\062\016\041\016\031\016\110\016\062\016\100\016\012\016\067\016\110\016\055\016\026\016\067\016\055}{section.3.2}% 51
\BOOKMARK [2][-]{subsection.3.2.2}{\376\377\016\001\016\062\016\043\016\047\016\064\016\100\016\004\016\043\016\062\016\060\016\053\016\114\016\033\016\061\016\015\016\053\016\062\016\024\016\111\016\062\016\031\016\001\016\062\016\043\016\010\016\061\016\024\016\001\016\062\016\043\000\040\000K\000n\000o\000w\000l\000e\000d\000g\000e\000\040\000G\000r\000a\000p\000h\000\040\016\101\016\045\016\060\000\040\000O\000D\000D}{section.3.2}% 52
\BOOKMARK [1][-]{section.3.3}{\376\377\016\052\016\041\016\041\016\025\016\064\016\020\016\062\016\031\016\053\016\043\016\067\016\055\016\101\016\031\016\047\016\027\016\062\016\007\016\103\016\031\016\001\016\062\016\043\016\101\016\001\016\111\016\104\016\002}{chapter.3}% 53
\BOOKMARK [2][-]{subsection.3.3.1}{\376\377\016\001\016\062\016\043\016\100\016\052\016\043\016\064\016\041\016\052\016\043\016\111\016\062\016\007\016\004\016\047\016\062\016\041\016\031\016\110\016\062\016\100\016\012\016\067\016\110\016\055\016\026\016\067\016\055\016\002\016\055\016\007\016\001\016\062\016\043\016\052\016\001\016\061\016\024\016\002\016\111\016\055\016\041\016\071\016\045}{section.3.3}% 54
\BOOKMARK [2][-]{subsection.3.3.2}{\376\377\016\001\016\062\016\043\016\100\016\036\016\064\016\110\016\041\016\033\016\043\016\060\016\052\016\064\016\027\016\030\016\064\016\040\016\062\016\036\016\001\016\062\016\043\016\004\016\111\016\031\016\036\016\032\000\040\000E\000d\000g\000e\000-\000C\000a\000s\000e}{section.3.3}% 55
\BOOKMARK [2][-]{subsection.3.3.3}{\376\377\016\001\016\062\016\043\016\033\016\043\016\061\016\032\016\033\016\043\016\070\016\007\016\001\016\062\016\043\016\052\016\110\016\007\016\055\016\055\016\001\000\040\000S\000c\000e\000n\000a\000r\000i\000o}{section.3.3}% 56
\BOOKMARK [1][-]{section.3.4}{\376\377\016\002\016\111\016\055\016\010\016\063\016\001\016\061\016\024\016\002\016\055\016\007\016\001\016\062\016\043\016\050\016\066\016\001\016\051\016\062}{chapter.3}% 57
\BOOKMARK [2][-]{subsection.3.4.1}{\376\377\016\002\016\111\016\055\016\010\016\063\016\001\016\061\016\024\016\024\016\111\016\062\016\031\016\002\016\111\016\055\016\041\016\071\016\045\016\101\016\045\016\060\016\100\016\027\016\004\016\102\016\031\016\102\016\045\016\042\016\065}{section.3.4}% 58
\BOOKMARK [2][-]{subsection.3.4.2}{\376\377\016\002\016\111\016\055\016\010\016\063\016\001\016\061\016\024\016\024\016\111\016\062\016\031\016\002\016\055\016\032\016\100\016\002\016\025\016\001\016\062\016\043\016\024\016\063\016\100\016\031\016\064\016\031\016\007\016\062\016\031}{section.3.4}% 59
\BOOKMARK [0][-]{chapter.4}{\376\377\016\002\016\061\016\111\016\031\016\025\016\055\016\031\016\047\016\064\016\030\016\065}{}% 60
\BOOKMARK [1][-]{section.4.1}{\376\377\016\002\016\061\016\111\016\031\016\025\016\055\016\031\016\001\016\062\016\043\016\024\016\063\016\100\016\031\016\064\016\031\016\007\016\062\016\031\016\102\016\024\016\042\016\045\016\060\016\100\016\055\016\065\016\042\016\024}{chapter.4}% 61
\BOOKMARK [2][-]{subsection.4.1.1}{\376\377\016\002\016\061\016\111\016\031\016\027\016\065\016\110\000\040\0001\000:\000\040\016\001\016\062\016\043\016\052\016\001\016\061\016\024\016\002\016\111\016\055\016\041\016\071\016\045\016\055\016\070\016\032\016\061\016\025\016\064\016\100\016\053\016\025\016\070\016\027\016\065\016\110\016\041\016\065\016\102\016\004\016\043\016\007\016\052\016\043\016\111\016\062\016\007\000\040\000\050\000S\000t\000r\000u\000c\000t\000u\000r\000e\000d\000\040\000D\000a\000t\000a\000\040\000E\000x\000t\000r\000a\000c\000t\000i\000o\000n\000\051}{section.4.1}% 62
\BOOKMARK [2][-]{subsection.4.1.2}{\376\377\016\002\016\061\016\111\016\031\016\027\016\065\016\110\000\040\0002\000:\000\040\016\001\016\062\016\043\016\052\016\043\016\111\016\062\016\007\000\040\000K\000n\000o\000w\000l\000e\000d\000g\000e\000\040\000G\000r\000a\000p\000h\000\040\000\050\000K\000G\000\040\000M\000o\000d\000e\000l\000i\000n\000g\000\051}{section.4.1}% 63
\BOOKMARK [2][-]{subsection.4.1.3}{\376\377\016\002\016\061\016\111\016\031\016\027\016\065\016\110\000\040\0003\000:\000\040\016\001\016\062\016\043\016\032\016\071\016\043\016\023\016\062\016\001\016\062\016\043\000\040\000O\000D\000D\000\040\016\101\016\045\016\060\016\001\016\062\016\043\016\004\016\111\016\031\016\053\016\062\000\040\000E\000d\000g\000e\000-\000C\000a\000s\000e}{section.4.1}% 64
\BOOKMARK [2][-]{subsection.4.1.4}{\376\377\016\002\016\061\016\111\016\031\016\027\016\065\016\110\000\040\0004\000:\000\040\016\001\016\062\016\043\016\052\016\043\016\111\016\062\016\007\016\104\016\037\016\045\016\114\000\040\000S\000c\000e\000n\000a\000r\000i\000o\000\040\016\041\016\062\016\025\016\043\016\020\016\062\016\031\000\040\000\050\000S\000t\000a\000n\000d\000a\000r\000d\000\040\000S\000c\000e\000n\000a\000r\000i\000o\000\040\000G\000e\000n\000e\000r\000a\000t\000i\000o\000n\000\051}{section.4.1}% 65
\BOOKMARK [1][-]{section.4.2}{\376\377\016\001\016\062\016\043\016\047\016\064\016\100\016\004\016\043\016\062\016\060\016\053\016\114\016\101\016\045\016\060\016\055\016\055\016\001\016\101\016\032\016\032\016\043\016\060\016\032\016\032}{chapter.4}% 66
\BOOKMARK [2][-]{subsection.4.2.1}{\376\377\016\052\016\026\016\062\016\033\016\061\016\025\016\042\016\001\016\043\016\043\016\041\016\043\016\060\016\032\016\032}{section.4.2}% 67
\BOOKMARK [1][-]{section.4.3}{\376\377\016\001\016\062\016\043\016\031\016\063\016\104\016\033\016\103\016\012\016\111\016\007\016\062\016\031\016\010\016\043\016\064\016\007}{chapter.4}% 68
\BOOKMARK [1][-]{section.4.4}{\376\377\016\033\016\061\016\015\016\053\016\062\016\101\016\045\016\060\016\055\016\070\016\033\016\052\016\043\016\043\016\004\016\043\016\060\016\053\016\047\016\110\016\062\016\007\016\001\016\062\016\043\016\036\016\061\016\022\016\031\016\062}{chapter.4}% 69
\BOOKMARK [0][-]{chapter.5}{\376\377\016\034\016\045\016\001\016\062\016\043\016\050\016\066\016\001\016\051\016\062}{}% 70
\BOOKMARK [1][-]{section.5.1}{\376\377\016\034\016\045\016\001\016\062\016\043\016\024\016\063\016\100\016\031\016\064\016\031\016\007\016\062\016\031\016\025\016\062\016\041\016\047\016\061\016\025\016\026\016\070\016\033\016\043\016\060\016\052\016\007\016\004\016\114}{chapter.5}% 71
\BOOKMARK [1][-]{section.5.2}{\376\377\016\025\016\061\016\047\016\055\016\042\016\110\016\062\016\007\016\034\016\045\016\045\016\061\016\036\016\030\016\114}{chapter.5}% 72
\BOOKMARK [1][-]{section.5.3}{\376\377\016\001\016\062\016\043\016\100\016\033\016\043\016\065\016\042\016\032\016\100\016\027\016\065\016\042\016\032\016\001\016\110\016\055\016\031\016\101\016\045\016\060\016\053\016\045\016\061\016\007\016\001\016\062\016\043\016\036\016\061\016\022\016\031\016\062}{chapter.5}% 73
\BOOKMARK [1][-]{section.5.4}{\376\377\016\001\016\062\016\043\016\033\016\043\016\060\016\100\016\041\016\064\016\031\016\034\016\045}{chapter.5}% 74
\BOOKMARK [0][-]{chapter.6}{\376\377\016\052\016\043\016\070\016\033\016\034\016\045\016\001\016\062\016\043\016\050\016\066\016\001\016\051\016\062\016\101\016\045\016\060\016\047\016\064\016\010\016\062\016\043\016\023\016\114\016\034\016\045\016\001\016\062\016\043\016\050\016\066\016\001\016\051\016\062}{}% 75
\BOOKMARK [1][-]{section.6.1}{\376\377\016\052\016\043\016\070\016\033\016\034\016\045\016\001\016\062\016\043\016\024\016\063\016\100\016\031\016\064\016\031\016\007\016\062\016\031}{chapter.6}% 76
\BOOKMARK [1][-]{section.6.2}{\376\377\016\002\016\111\016\055\016\052\016\061\016\007\016\100\016\001\016\025\016\101\016\045\016\060\016\002\016\111\016\055\016\047\016\064\016\010\016\062\016\043\016\023\016\114}{chapter.6}% 77
\BOOKMARK [1][-]{section.6.3}{\376\377\016\002\016\111\016\055\016\100\016\052\016\031\016\055\016\101\016\031\016\060\016\103\016\031\016\001\016\062\016\043\016\036\016\061\016\022\016\031\016\062\016\025\016\110\016\055\016\104\016\033}{chapter.6}% 78
\BOOKMARK [1][-]{section.6.4}{\376\377\016\033\016\043\016\060\016\052\016\032\016\001\016\062\016\043\016\023\016\114\016\010\016\062\016\001\016\001\016\062\016\043\016\100\016\002\016\111\016\062\016\043\016\110\016\047\016\041\016\102\016\004\016\043\016\007\016\001\016\062\016\043\016\052\016\053\016\001\016\064\016\010\016\050\016\066\016\001\016\051\016\062}{chapter.6}% 79
\BOOKMARK [0][-]{chapter*.65}{\376\377\016\032\016\043\016\043\016\023\016\062\016\031\016\070\016\001\016\043\016\041}{}% 80
